#
# A fatal error has been detected by the Java Runtime Environment:
#
#  SIGSEGV (0xb) at pc=0x00007f53f79fdf3d, pid=10625, tid=0x00007f5481914700
#
# JRE version: OpenJDK Runtime Environment (8.0_161-b14) (build 1.8.0_161-b14)
# Java VM: OpenJDK 64-Bit Server VM (25.161-b14 mixed mode linux-amd64 compressed oops)
# Problematic frame:
# C  [librocksdbjni589406539709468704.so+0x2c0f3d]  Java_org_rocksdb_BlockBasedTableConfig_newTableFactoryHandle+0x14d
#
# Failed to write core dump. Core dumps have been disabled. To enable core dumping, try "ulimit -c unlimited" before starting Java again
#
# If you would like to submit a bug report, please visit:
#   http://bugreport.java.com/bugreport/crash.jsp
# The crash happened outside the Java Virtual Machine in native code.
# See problematic frame for where to report the bug.
#

---------------  T H R E A D  ---------------

Current thread (0x00007f5478010dc0):  JavaThread "main" [_thread_in_native, id=10629, stack(0x00007f5481814000,0x00007f5481915000)]

siginfo: si_signo: 11 (SIGSEGV), si_code: 1 (SEGV_MAPERR), si_addr: 0x0000000000000001

Registers:
RAX=0x0000000000000001, RBX=0x00007f5481912690, RCX=0x0000000000000000, RDX=0x00007f5478b799c0
RSP=0x00007f5481912630, RBP=0x00007f5481912750, RSI=0x00007f5478000028, RDI=0x00007f5478000020
R8 =0x0000000000000001, R9 =0x0000000000000020, R10=0x0000000000000003, R11=0x00007f54804919c0
R12=0x0000000000000001, R13=0x0000000078b66c90, R14=0x0000000000000000, R15=0x0000000000000000
RIP=0x00007f53f79fdf3d, EFLAGS=0x0000000000010202, CSGSFS=0x0000000000000033, ERR=0x0000000000000004
  TRAPNO=0x000000000000000e

Top of Stack: (sp=0x00007f5481912630)
0x00007f5481912630:   0000000000000013 00007f53f79fddf0
0x00007f5481912640:   0000000000000001 00007f5400000000
0x00007f5481912650:   0000000100000017 00007f5400000012
0x00007f5481912660:   0000000000000000 0000000000000000
0x00007f5481912670:   00007f5481912710 00007f5481912718
0x00007f5481912680:   00007f5481912710 0000000000000005
0x00007f5481912690:   0000000000000000 0000000000000000
0x00007f54819126a0:   0000010100000000 00007f5478b68400
0x00007f54819126b0:   00007f5478b799c0 0000000000000000
0x00007f54819126c0:   0000000000000000 0000000000000000
0x00007f54819126d0:   0000000000000000 0000000000000000
0x00007f54819126e0:   0000000a00001000 00007f5400000001
0x00007f54819126f0:   0000000000001000 0000000280000100
0x00007f5481912700:   0000000000000000 0000000000000000
0x00007f5481912710:   0000000000000001 868b1a3e00000002
0x00007f5481912720:   00007f5481912860 00007f5454cd54d0
0x00007f5481912730:   0000000000000000 00007f5454cd54d0
0x00007f5481912740:   00007f5481912930 00007f5478010dc0
0x00007f5481912750:   00007f5481912860 00007f5462af6744
0x00007f5481912760:   0000000000001000 000000000000000a
0x00007f5481912770:   0000000000000010 0000000000000001
0x00007f5481912780:   00007f5478b66c90 0000000000000001
0x00007f5481912790:   0000000000000000 0000000000000001
0x00007f54819127a0:   0000000140000000 0000000000000000
0x00007f54819127b0:   0000000000000001 0000000000000000
0x00007f54819127c0:   0000000000000000 00007f54801a3855
0x00007f54819127d0:   00007f5478010dc0 868b1a3e056cc200
0x00007f54819127e0:   00000007c01b99e8 00007f5454cd54d0
0x00007f54819127f0:   0000000000000000 00007f5454cd54d0
0x00007f5481912800:   00007f5481912860 00007f5462af61f9
0x00007f5481912810:   fffffffe00000000 00007f5462af61c2
0x00007f5481912820:   00007f5481912820 00007f5454cd54d0 

Instructions: (pc=0x00007f53f79fdf3d)
0x00007f53f79fdf1d:   4c 89 7d 88 0f 95 45 c0 48 83 7d 28 00 89 45 90
0x00007f53f79fdf2d:   8b 45 18 89 45 94 7e 6c 48 8b 45 28 4c 8b 75 b8
0x00007f53f79fdf3d:   48 8b 00 48 89 45 b0 48 8b 45 28 4c 8b 78 08 4d
0x00007f53f79fdf4d:   39 f7 74 50 4d 85 ff 74 1a 48 83 3d fa 14 5f 00 

Register to memory mapping:

RAX=0x0000000000000001 is an unknown value
RBX=0x00007f5481912690 is pointing into the stack for thread: 0x00007f5478010dc0
RCX=0x0000000000000000 is an unknown value
RDX=0x00007f5478b799c0 is an unknown value
RSP=0x00007f5481912630 is pointing into the stack for thread: 0x00007f5478010dc0
RBP=0x00007f5481912750 is pointing into the stack for thread: 0x00007f5478010dc0
RSI=0x00007f5478000028 is an unknown value
RDI=0x00007f5478000020 is an unknown value
R8 =0x0000000000000001 is an unknown value
R9 =0x0000000000000020 is an unknown value
R10=0x0000000000000003 is an unknown value
R11=0x00007f54804919c0: <offset 0x9529c0> in /usr/lib/jvm/java-1.8.0-openjdk-1.8.0.161-0.b14.el7_4.x86_64/jre/lib/amd64/server/libjvm.so at 0x00007f547fb3f000
R12=0x0000000000000001 is an unknown value
R13=0x0000000078b66c90 is an unknown value
R14=0x0000000000000000 is an unknown value
R15=0x0000000000000000 is an unknown value


Stack: [0x00007f5481814000,0x00007f5481915000],  sp=0x00007f5481912630,  free space=1017k
Native frames: (J=compiled Java code, j=interpreted, Vv=VM code, C=native code)
C  [librocksdbjni589406539709468704.so+0x2c0f3d]  Java_org_rocksdb_BlockBasedTableConfig_newTableFactoryHandle+0x14d
j  org.rocksdb.BlockBasedTableConfig.newTableFactoryHandle(ZJIJJIIZJZZZJIBBI)J+0
j  org.rocksdb.BlockBasedTableConfig.newTableFactoryHandle()J+103
j  org.rocksdb.Options.setTableFormatConfig(Lorg/rocksdb/TableFormatConfig;)Lorg/rocksdb/Options;+11
j  com.service.api.me.curator.RocksDBHolder.initConfig()V+149
j  com.service.api.me.curator.RocksDBHolder.<init>()V+26
j  com.service.api.me.curator.CuratorNodeCacheTest.nodeCacheTest()V+133
v  ~StubRoutines::call_stub
V  [libjvm.so+0x6713ca]
V  [libjvm.so+0x92ff60]
V  [libjvm.so+0x930903]
V  [libjvm.so+0x6bf5d3]  JVM_InvokeMethod+0x193
j  sun.reflect.NativeMethodAccessorImpl.invoke0(Ljava/lang/reflect/Method;Ljava/lang/Object;[Ljava/lang/Object;)Ljava/lang/Object;+0
j  sun.reflect.NativeMethodAccessorImpl.invoke(Ljava/lang/Object;[Ljava/lang/Object;)Ljava/lang/Object;+100
j  sun.reflect.DelegatingMethodAccessorImpl.invoke(Ljava/lang/Object;[Ljava/lang/Object;)Ljava/lang/Object;+6
j  java.lang.reflect.Method.invoke(Ljava/lang/Object;[Ljava/lang/Object;)Ljava/lang/Object;+56
j  org.junit.runners.model.FrameworkMethod$1.runReflectiveCall()Ljava/lang/Object;+15
j  org.junit.internal.runners.model.ReflectiveCallable.run()Ljava/lang/Object;+1
j  org.junit.runners.model.FrameworkMethod.invokeExplosively(Ljava/lang/Object;[Ljava/lang/Object;)Ljava/lang/Object;+10
j  org.junit.internal.runners.statements.InvokeMethod.evaluate()V+12
j  org.junit.runners.ParentRunner.runLeaf(Lorg/junit/runners/model/Statement;Lorg/junit/runner/Description;Lorg/junit/runner/notification/RunNotifier;)V+17
j  org.junit.runners.BlockJUnit4ClassRunner.runChild(Lorg/junit/runners/model/FrameworkMethod;Lorg/junit/runner/notification/RunNotifier;)V+30
j  org.junit.runners.BlockJUnit4ClassRunner.runChild(Ljava/lang/Object;Lorg/junit/runner/notification/RunNotifier;)V+6
j  org.junit.runners.ParentRunner$3.run()V+12
j  org.junit.runners.ParentRunner$1.schedule(Ljava/lang/Runnable;)V+1
j  org.junit.runners.ParentRunner.runChildren(Lorg/junit/runner/notification/RunNotifier;)V+44
j  org.junit.runners.ParentRunner.access$000(Lorg/junit/runners/ParentRunner;Lorg/junit/runner/notification/RunNotifier;)V+2
j  org.junit.runners.ParentRunner$2.evaluate()V+8
j  org.junit.runners.ParentRunner.run(Lorg/junit/runner/notification/RunNotifier;)V+20
j  org.junit.runner.JUnitCore.run(Lorg/junit/runner/Runner;)Lorg/junit/runner/Result;+37
j  com.intellij.junit4.JUnit4IdeaTestRunner.startRunnerWithArgs([Ljava/lang/String;Ljava/lang/String;IZ)I+146
j  com.intellij.rt.execution.junit.IdeaTestRunner$Repeater.startRunnerWithArgs(Lcom/intellij/rt/execution/junit/IdeaTestRunner;[Ljava/lang/String;Ljava/util/ArrayList;Ljava/lang/String;IZ)I+20
j  com.intellij.rt.execution.junit.JUnitStarter.prepareStreamsAndStart([Ljava/lang/String;Ljava/lang/String;Ljava/util/ArrayList;Ljava/lang/String;)I+116
j  com.intellij.rt.execution.junit.JUnitStarter.main([Ljava/lang/String;)V+116
v  ~StubRoutines::call_stub
V  [libjvm.so+0x6713ca]
V  [libjvm.so+0x682c5a]
V  [libjvm.so+0x696946]
C  [libjli.so+0x39e9]
C  [libpthread.so.0+0x7e25]  start_thread+0xc5

Java frames: (J=compiled Java code, j=interpreted, Vv=VM code)
j  org.rocksdb.BlockBasedTableConfig.newTableFactoryHandle(ZJIJJIIZJZZZJIBBI)J+0
j  org.rocksdb.BlockBasedTableConfig.newTableFactoryHandle()J+103
j  org.rocksdb.Options.setTableFormatConfig(Lorg/rocksdb/TableFormatConfig;)Lorg/rocksdb/Options;+11
j  com.service.api.me.curator.RocksDBHolder.initConfig()V+149
j  com.service.api.me.curator.RocksDBHolder.<init>()V+26
j  com.service.api.me.curator.CuratorNodeCacheTest.nodeCacheTest()V+133
v  ~StubRoutines::call_stub
j  sun.reflect.NativeMethodAccessorImpl.invoke0(Ljava/lang/reflect/Method;Ljava/lang/Object;[Ljava/lang/Object;)Ljava/lang/Object;+0
j  sun.reflect.NativeMethodAccessorImpl.invoke(Ljava/lang/Object;[Ljava/lang/Object;)Ljava/lang/Object;+100
j  sun.reflect.DelegatingMethodAccessorImpl.invoke(Ljava/lang/Object;[Ljava/lang/Object;)Ljava/lang/Object;+6
j  java.lang.reflect.Method.invoke(Ljava/lang/Object;[Ljava/lang/Object;)Ljava/lang/Object;+56
j  org.junit.runners.model.FrameworkMethod$1.runReflectiveCall()Ljava/lang/Object;+15
j  org.junit.internal.runners.model.ReflectiveCallable.run()Ljava/lang/Object;+1
j  org.junit.runners.model.FrameworkMethod.invokeExplosively(Ljava/lang/Object;[Ljava/lang/Object;)Ljava/lang/Object;+10
j  org.junit.internal.runners.statements.InvokeMethod.evaluate()V+12
j  org.junit.runners.ParentRunner.runLeaf(Lorg/junit/runners/model/Statement;Lorg/junit/runner/Description;Lorg/junit/runner/notification/RunNotifier;)V+17
j  org.junit.runners.BlockJUnit4ClassRunner.runChild(Lorg/junit/runners/model/FrameworkMethod;Lorg/junit/runner/notification/RunNotifier;)V+30
j  org.junit.runners.BlockJUnit4ClassRunner.runChild(Ljava/lang/Object;Lorg/junit/runner/notification/RunNotifier;)V+6
j  org.junit.runners.ParentRunner$3.run()V+12
j  org.junit.runners.ParentRunner$1.schedule(Ljava/lang/Runnable;)V+1
j  org.junit.runners.ParentRunner.runChildren(Lorg/junit/runner/notification/RunNotifier;)V+44
j  org.junit.runners.ParentRunner.access$000(Lorg/junit/runners/ParentRunner;Lorg/junit/runner/notification/RunNotifier;)V+2
j  org.junit.runners.ParentRunner$2.evaluate()V+8
j  org.junit.runners.ParentRunner.run(Lorg/junit/runner/notification/RunNotifier;)V+20
j  org.junit.runner.JUnitCore.run(Lorg/junit/runner/Runner;)Lorg/junit/runner/Result;+37
j  com.intellij.junit4.JUnit4IdeaTestRunner.startRunnerWithArgs([Ljava/lang/String;Ljava/lang/String;IZ)I+146
j  com.intellij.rt.execution.junit.IdeaTestRunner$Repeater.startRunnerWithArgs(Lcom/intellij/rt/execution/junit/IdeaTestRunner;[Ljava/lang/String;Ljava/util/ArrayList;Ljava/lang/String;IZ)I+20
j  com.intellij.rt.execution.junit.JUnitStarter.prepareStreamsAndStart([Ljava/lang/String;Ljava/lang/String;Ljava/util/ArrayList;Ljava/lang/String;)I+116
j  com.intellij.rt.execution.junit.JUnitStarter.main([Ljava/lang/String;)V+116
v  ~StubRoutines::call_stub

---------------  P R O C E S S  ---------------

Java Threads: ( => current thread )
  0x00007f547879ed30 JavaThread "Curator-Framework-0" daemon [_thread_blocked, id=10682, stack(0x00007f5454e02000,0x00007f5454f03000)]
  0x00007f54787881d0 JavaThread "main-EventThread" daemon [_thread_blocked, id=10681, stack(0x00007f5454f03000,0x00007f5455004000)]
  0x00007f547878e790 JavaThread "main-SendThread(192.168.89.54:2181)" daemon [_thread_in_native, id=10680, stack(0x00007f5455004000,0x00007f5455105000)]
  0x00007f5478781130 JavaThread "Curator-ConnectionStateManager-0" daemon [_thread_blocked, id=10679, stack(0x00007f5455105000,0x00007f5455206000)]
  0x00007f541003f860 JavaThread "ProcessThread(sid:0 cport:39568):" [_thread_blocked, id=10669, stack(0x00007f5455206000,0x00007f5455307000)]
  0x00007f5410040ae0 JavaThread "SyncThread:0" [_thread_blocked, id=10668, stack(0x00007f5455307000,0x00007f5455408000)]
  0x00007f5410042ba0 JavaThread "SessionTracker" [_thread_blocked, id=10667, stack(0x00007f5455408000,0x00007f5455509000)]
  0x00007f5410012ed0 JavaThread "NIOServerCxn.Factory:0.0.0.0/0.0.0.0:39568" daemon [_thread_in_native, id=10666, stack(0x00007f5455509000,0x00007f545560a000)]
  0x00007f547871cbe0 JavaThread "Thread-1" [_thread_blocked, id=10665, stack(0x00007f545580a000,0x00007f545590b000)]
  0x00007f5478440fb0 JavaThread "Service Thread" daemon [_thread_blocked, id=10656, stack(0x00007f5457345000,0x00007f5457446000)]
  0x00007f5478439f30 JavaThread "C1 CompilerThread2" daemon [_thread_blocked, id=10655, stack(0x00007f5457446000,0x00007f5457547000)]
  0x00007f54784383a0 JavaThread "C2 CompilerThread1" daemon [_thread_blocked, id=10654, stack(0x00007f5457547000,0x00007f5457648000)]
  0x00007f5478022a40 JavaThread "C2 CompilerThread0" daemon [_thread_blocked, id=10653, stack(0x00007f5457648000,0x00007f5457749000)]
  0x00007f5430000d80 JavaThread "JDWP Command Reader" daemon [_thread_in_native, id=10651, stack(0x00007f54578f6000,0x00007f54579f7000)]
  0x00007f54781a32f0 JavaThread "JDWP Event Helper Thread" daemon [_thread_blocked, id=10649, stack(0x00007f54579f7000,0x00007f5457af8000)]
  0x00007f547819fd40 JavaThread "JDWP Transport Listener: dt_socket" daemon [_thread_blocked, id=10646, stack(0x00007f5457af8000,0x00007f5457bf9000)]
  0x00007f54781874d0 JavaThread "Signal Dispatcher" daemon [_thread_blocked, id=10645, stack(0x00007f5457dfe000,0x00007f5457eff000)]
  0x00007f547815ef50 JavaThread "Finalizer" daemon [_thread_blocked, id=10638, stack(0x00007f5457eff000,0x00007f5458000000)]
  0x00007f547815ad60 JavaThread "Reference Handler" daemon [_thread_blocked, id=10637, stack(0x00007f545c077000,0x00007f545c178000)]
=>0x00007f5478010dc0 JavaThread "main" [_thread_in_native, id=10629, stack(0x00007f5481814000,0x00007f5481915000)]

Other Threads:
  0x00007f5478151810 VMThread [stack: 0x00007f545c178000,0x00007f545c279000] [id=10636]
  0x00007f5478442cb0 WatcherThread [stack: 0x00007f5457244000,0x00007f5457345000] [id=10657]

VM state:not at safepoint (normal execution)

VM Mutex/Monitor currently owned by a thread: None

Heap:
 PSYoungGen      total 54272K, used 43155K [0x0000000783d00000, 0x0000000787980000, 0x00000007c0000000)
  eden space 46592K, 80% used [0x0000000783d00000,0x000000078619bd10,0x0000000786a80000)
  from space 7680K, 73% used [0x0000000786a80000,0x00000007870091b0,0x0000000787200000)
  to   space 7680K, 0% used [0x0000000787200000,0x0000000787200000,0x0000000787980000)
 ParOldGen       total 124416K, used 8K [0x000000070b600000, 0x0000000712f80000, 0x0000000783d00000)
  object space 124416K, 0% used [0x000000070b600000,0x000000070b602000,0x0000000712f80000)
 Metaspace       used 15606K, capacity 15736K, committed 16000K, reserved 1062912K
  class space    used 1775K, capacity 1825K, committed 1920K, reserved 1048576K

Card table byte_map: [0x00007f547d90a000,0x00007f547deb0000] byte_map_base: 0x00007f547a0af000

Marking Bits: (ParMarkBitMap*) 0x00007f5480aedde0
 Begin Bits: [0x00007f545d087000, 0x00007f545fdaf000)
 End Bits:   [0x00007f545fdaf000, 0x00007f5462ad7000)

Polling page: 0x00007f5481932000

CodeCache: size=245760Kb used=3625Kb max_used=3650Kb free=242134Kb
 bounds [0x00007f5462ad7000, 0x00007f5462e77000, 0x00007f5471ad7000]
 total_blobs=1402 nmethods=974 adapters=350
 compilation: enabled

Compilation events (10 events):
Event: 3.390 Thread 0x00007f5478439f30 nmethod 969 0x00007f5462e56f10 code [0x00007f5462e570a0, 0x00007f5462e57468]
Event: 3.397 Thread 0x00007f54784383a0 nmethod 787 0x00007f5462e5f290 code [0x00007f5462e5f780, 0x00007f5462e646a0]
Event: 3.400 Thread 0x00007f5478022a40  971       4       java.lang.ThreadLocal::get (38 bytes)
Event: 3.400 Thread 0x00007f54784383a0  972       4       java.lang.ThreadLocal$ThreadLocalMap::getEntry (42 bytes)
Event: 3.402 Thread 0x00007f54784383a0 nmethod 972 0x00007f5462e592d0 code [0x00007f5462e59440, 0x00007f5462e595c8]
Event: 3.402 Thread 0x00007f5478022a40 nmethod 971 0x00007f5462e58d90 code [0x00007f5462e58f00, 0x00007f5462e590b8]
Event: 3.403 Thread 0x00007f54784383a0  973       4       java.nio.Buffer::position (43 bytes)
Event: 3.404 Thread 0x00007f54784383a0 nmethod 973 0x00007f5462e5d7d0 code [0x00007f5462e5d920, 0x00007f5462e5d9f8]
Event: 3.415 Thread 0x00007f5478022a40  974   !   4       java.util.zip.Inflater::inflate (113 bytes)
Event: 3.417 Thread 0x00007f5478022a40 nmethod 974 0x00007f5462e5e850 code [0x00007f5462e5e9e0, 0x00007f5462e5ef08]

GC Heap History (2 events):
Event: 1.483 GC heap before
{Heap before GC invocations=1 (full 0):
 PSYoungGen      total 54272K, used 46592K [0x0000000783d00000, 0x0000000787980000, 0x00000007c0000000)
  eden space 46592K, 100% used [0x0000000783d00000,0x0000000786a80000,0x0000000786a80000)
  from space 7680K, 0% used [0x0000000787200000,0x0000000787200000,0x0000000787980000)
  to   space 7680K, 0% used [0x0000000786a80000,0x0000000786a80000,0x0000000787200000)
 ParOldGen       total 124416K, used 0K [0x000000070b600000, 0x0000000712f80000, 0x0000000783d00000)
  object space 124416K, 0% used [0x000000070b600000,0x000000070b600000,0x0000000712f80000)
 Metaspace       used 9743K, capacity 9872K, committed 10112K, reserved 1058816K
  class space    used 1069K, capacity 1109K, committed 1152K, reserved 1048576K
Event: 1.491 GC heap after
Heap after GC invocations=1 (full 0):
 PSYoungGen      total 54272K, used 5668K [0x0000000783d00000, 0x0000000787980000, 0x00000007c0000000)
  eden space 46592K, 0% used [0x0000000783d00000,0x0000000783d00000,0x0000000786a80000)
  from space 7680K, 73% used [0x0000000786a80000,0x00000007870091b0,0x0000000787200000)
  to   space 7680K, 0% used [0x0000000787200000,0x0000000787200000,0x0000000787980000)
 ParOldGen       total 124416K, used 8K [0x000000070b600000, 0x0000000712f80000, 0x0000000783d00000)
  object space 124416K, 0% used [0x000000070b600000,0x000000070b602000,0x0000000712f80000)
 Metaspace       used 9743K, capacity 9872K, committed 10112K, reserved 1058816K
  class space    used 1069K, capacity 1109K, committed 1152K, reserved 1048576K
}

Deoptimization events (8 events):
Event: 0.932 Thread 0x00007f5478010dc0 Uncommon trap: reason=unstable_if action=reinterpret pc=0x00007f5462cc2d60 method=java.io.BufferedInputStream.read()I @ 8
Event: 0.954 Thread 0x00007f5478010dc0 Uncommon trap: reason=unstable_if action=reinterpret pc=0x00007f5462cb2f8c method=sun.misc.MetaIndex.mayContain(Ljava/lang/String;)Z @ 38
Event: 1.383 Thread 0x00007f5478010dc0 Uncommon trap: reason=class_check action=maybe_recompile pc=0x00007f5462d576f8 method=java.io.BufferedInputStream.read([BII)I @ 101
Event: 1.512 Thread 0x00007f5478010dc0 Uncommon trap: reason=unstable_if action=reinterpret pc=0x00007f5462c44fd0 method=java.lang.String.indexOf([CII[CIII)I @ 3
Event: 1.601 Thread 0x00007f5478010dc0 Uncommon trap: reason=range_check action=make_not_entrant pc=0x00007f5462d64274 method=sun.reflect.generics.parser.SignatureParser.current()C @ 34
Event: 1.931 Thread 0x00007f5478010dc0 Uncommon trap: reason=unstable_if action=reinterpret pc=0x00007f5462ddc4bc method=org.apache.curator.test.TestingZooKeeperMain.getServerConnectionFactory()Lorg/apache/zookeeper/server/ServerCnxnFactory; @ 29
Event: 1.932 Thread 0x00007f5478010dc0 Uncommon trap: reason=unstable_if action=reinterpret pc=0x00007f5462dd6e04 method=java.lang.reflect.Field.getFieldAccessor(Ljava/lang/Object;)Lsun/reflect/FieldAccessor; @ 22
Event: 3.317 Thread 0x00007f5478010dc0 Uncommon trap: reason=unstable_if action=reinterpret pc=0x00007f5462d663d4 method=java.lang.AbstractStringBuilder.append(Ljava/lang/String;)Ljava/lang/AbstractStringBuilder; @ 1

Classes redefined (0 events):
No events

Internal exceptions (10 events):
Event: 0.575 Thread 0x00007f5478010dc0 Exception <a 'java/security/PrivilegedActionException'> (0x0000000784219388) thrown at [/builddir/build/BUILD/java-1.8.0-openjdk-1.8.0.161-0.b14.el7_4.x86_64/openjdk/hotspot/src/share/vm/prims/jvm.cpp, line 1400]
Event: 0.575 Thread 0x00007f5478010dc0 Exception <a 'java/security/PrivilegedActionException'> (0x000000078421a080) thrown at [/builddir/build/BUILD/java-1.8.0-openjdk-1.8.0.161-0.b14.el7_4.x86_64/openjdk/hotspot/src/share/vm/prims/jvm.cpp, line 1400]
Event: 0.575 Thread 0x00007f5478010dc0 Exception <a 'java/security/PrivilegedActionException'> (0x000000078421a290) thrown at [/builddir/build/BUILD/java-1.8.0-openjdk-1.8.0.161-0.b14.el7_4.x86_64/openjdk/hotspot/src/share/vm/prims/jvm.cpp, line 1400]
Event: 1.601 Thread 0x00007f5478010dc0 Exception <a 'java/lang/ArrayIndexOutOfBoundsException': 71> (0x0000000784009fc8) thrown at [/builddir/build/BUILD/java-1.8.0-openjdk-1.8.0.161-0.b14.el7_4.x86_64/openjdk/hotspot/src/share/vm/interpreter/interpreterRuntime.cpp, line 369]
Event: 1.602 Thread 0x00007f5478010dc0 Exception <a 'java/lang/ArrayIndexOutOfBoundsException': 18> (0x000000078400e968) thrown at [/builddir/build/BUILD/java-1.8.0-openjdk-1.8.0.161-0.b14.el7_4.x86_64/openjdk/hotspot/src/share/vm/interpreter/interpreterRuntime.cpp, line 369]
Event: 1.745 Thread 0x00007f5478010dc0 Exception <a 'java/lang/NoSuchMethodError': org.slf4j.impl.StaticMarkerBinder.getSingleton()Lorg/slf4j/impl/StaticMarkerBinder;> (0x00000007842b7b60) thrown at [/builddir/build/BUILD/java-1.8.0-openjdk-1.8.0.161-0.b14.el7_4.x86_64/openjdk/hotspot/src/shar
Event: 1.932 Thread 0x00007f5478010dc0 Implicit null exception at 0x00007f5462dd6bc0 to 0x00007f5462dd6de9
Event: 3.219 Thread 0x00007f547878e790 Exception <a 'java/lang/NoSuchFieldError': method resolution failed> (0x0000000785c31c10) thrown at [/builddir/build/BUILD/java-1.8.0-openjdk-1.8.0.161-0.b14.el7_4.x86_64/openjdk/hotspot/src/share/vm/prims/methodHandles.cpp, line 1167]
Event: 3.221 Thread 0x00007f547878e790 Exception <a 'java/lang/NoSuchFieldError': method resolution failed> (0x0000000785c40228) thrown at [/builddir/build/BUILD/java-1.8.0-openjdk-1.8.0.161-0.b14.el7_4.x86_64/openjdk/hotspot/src/share/vm/prims/methodHandles.cpp, line 1167]
Event: 3.317 Thread 0x00007f5478010dc0 Implicit null exception at 0x00007f5462d65eb6 to 0x00007f5462d663b9

Events (10 events):
Event: 3.430 Thread 0x00007f5478010dc0 DEOPT PACKING pc=0x00007f5462c6765c sp=0x00007f54819117b0
Event: 3.430 Thread 0x00007f5478010dc0 DEOPT UNPACKING pc=0x00007f5462b1e373 sp=0x00007f54819115f0 mode 1
Event: 3.430 loading class org/rocksdb/RocksEnv
Event: 3.430 loading class org/rocksdb/RocksEnv done
Event: 3.430 Thread 0x00007f5478010dc0 DEOPT PACKING pc=0x00007f5462c7b769 sp=0x00007f548190fb80
Event: 3.430 Thread 0x00007f5478010dc0 DEOPT UNPACKING pc=0x00007f5462b1e373 sp=0x00007f548190f8f0 mode 1
Event: 3.430 Thread 0x00007f5478010dc0 DEOPT PACKING pc=0x00007f5462c678bc sp=0x00007f548190fc00
Event: 3.430 Thread 0x00007f5478010dc0 DEOPT UNPACKING pc=0x00007f5462b1e373 sp=0x00007f548190fa40 mode 1
Event: 3.430 Thread 0x00007f5478010dc0 DEOPT PACKING pc=0x00007f5462c6765c sp=0x00007f548190fd90
Event: 3.430 Thread 0x00007f5478010dc0 DEOPT UNPACKING pc=0x00007f5462b1e373 sp=0x00007f548190fbd0 mode 1


Dynamic libraries:
00400000-00401000 r-xp 00000000 08:03 17795931                           /usr/lib/jvm/java-1.8.0-openjdk-1.8.0.161-0.b14.el7_4.x86_64/bin/java
00600000-00601000 r--p 00000000 08:03 17795931                           /usr/lib/jvm/java-1.8.0-openjdk-1.8.0.161-0.b14.el7_4.x86_64/bin/java
00601000-00602000 rw-p 00001000 08:03 17795931                           /usr/lib/jvm/java-1.8.0-openjdk-1.8.0.161-0.b14.el7_4.x86_64/bin/java
009b5000-009d6000 rw-p 00000000 00:00 0                                  [heap]
70b600000-712f80000 rw-p 00000000 00:00 0 
712f80000-783d00000 ---p 00000000 00:00 0 
783d00000-787980000 rw-p 00000000 00:00 0 
787980000-7c0000000 ---p 00000000 00:00 0 
7c0000000-7c01e0000 rw-p 00000000 00:00 0 
7c01e0000-800000000 ---p 00000000 00:00 0 
7f53f0000000-7f53f0021000 rw-p 00000000 00:00 0 
7f53f0021000-7f53f4000000 ---p 00000000 00:00 0 
7f53f773d000-7f53f7dde000 r-xp 00000000 08:03 17739042                   /tmp/librocksdbjni589406539709468704.so
7f53f7dde000-7f53f7fdd000 ---p 006a1000 08:03 17739042                   /tmp/librocksdbjni589406539709468704.so
7f53f7fdd000-7f53f7ff8000 rw-p 006a0000 08:03 17739042                   /tmp/librocksdbjni589406539709468704.so
7f53f7ff8000-7f53f8000000 rw-p 00000000 00:00 0 
7f53f8000000-7f53f808b000 rw-p 00000000 00:00 0 
7f53f808b000-7f53fc000000 ---p 00000000 00:00 0 
7f53fc000000-7f53fc034000 rw-p 00000000 00:00 0 
7f53fc034000-7f5400000000 ---p 00000000 00:00 0 
7f5400000000-7f5400021000 rw-p 00000000 00:00 0 
7f5400021000-7f5404000000 ---p 00000000 00:00 0 
7f5404000000-7f5404021000 rw-p 00000000 00:00 0 
7f5404021000-7f5408000000 ---p 00000000 00:00 0 
7f5408000000-7f5408021000 rw-p 00000000 00:00 0 
7f5408021000-7f540c000000 ---p 00000000 00:00 0 
7f540c000000-7f540c021000 rw-p 00000000 00:00 0 
7f540c021000-7f5410000000 ---p 00000000 00:00 0 
7f5410000000-7f5410087000 rw-p 00000000 00:00 0 
7f5410087000-7f5414000000 ---p 00000000 00:00 0 
7f5414000000-7f5414021000 rw-p 00000000 00:00 0 
7f5414021000-7f5418000000 ---p 00000000 00:00 0 
7f5418000000-7f5418021000 rw-p 00000000 00:00 0 
7f5418021000-7f541c000000 ---p 00000000 00:00 0 
7f541c000000-7f541c021000 rw-p 00000000 00:00 0 
7f541c021000-7f5420000000 ---p 00000000 00:00 0 
7f5420000000-7f5420420000 rw-p 00000000 00:00 0 
7f5420420000-7f5424000000 ---p 00000000 00:00 0 
7f5424000000-7f5424441000 rw-p 00000000 00:00 0 
7f5424441000-7f5428000000 ---p 00000000 00:00 0 
7f5428000000-7f5428021000 rw-p 00000000 00:00 0 
7f5428021000-7f542c000000 ---p 00000000 00:00 0 
7f542c000000-7f542c350000 rw-p 00000000 00:00 0 
7f542c350000-7f5430000000 ---p 00000000 00:00 0 
7f5430000000-7f5430021000 rw-p 00000000 00:00 0 
7f5430021000-7f5434000000 ---p 00000000 00:00 0 
7f5434000000-7f5434033000 rw-p 00000000 00:00 0 
7f5434033000-7f5438000000 ---p 00000000 00:00 0 
7f5438000000-7f5438021000 rw-p 00000000 00:00 0 
7f5438021000-7f543c000000 ---p 00000000 00:00 0 
7f543c000000-7f543c021000 rw-p 00000000 00:00 0 
7f543c021000-7f5440000000 ---p 00000000 00:00 0 
7f5440000000-7f5440021000 rw-p 00000000 00:00 0 
7f5440021000-7f5444000000 ---p 00000000 00:00 0 
7f5444000000-7f5444021000 rw-p 00000000 00:00 0 
7f5444021000-7f5448000000 ---p 00000000 00:00 0 
7f5448000000-7f5448021000 rw-p 00000000 00:00 0 
7f5448021000-7f544c000000 ---p 00000000 00:00 0 
7f544c000000-7f544c021000 rw-p 00000000 00:00 0 
7f544c021000-7f5450000000 ---p 00000000 00:00 0 
7f5450000000-7f5450021000 rw-p 00000000 00:00 0 
7f5450021000-7f5454000000 ---p 00000000 00:00 0 
7f54546d0000-7f54546e2000 r-xp 00000000 08:03 3539804                    /usr/lib64/liblz4.so.1.7.3
7f54546e2000-7f54548e1000 ---p 00012000 08:03 3539804                    /usr/lib64/liblz4.so.1.7.3
7f54548e1000-7f54548e2000 r--p 00011000 08:03 3539804                    /usr/lib64/liblz4.so.1.7.3
7f54548e2000-7f54548e3000 rw-p 00012000 08:03 3539804                    /usr/lib64/liblz4.so.1.7.3
7f54548e3000-7f54548e8000 r-xp 00000000 08:03 2431                       /usr/lib64/libsnappy.so.1.1.4
7f54548e8000-7f5454ae7000 ---p 00005000 08:03 2431                       /usr/lib64/libsnappy.so.1.1.4
7f5454ae7000-7f5454ae8000 r--p 00004000 08:03 2431                       /usr/lib64/libsnappy.so.1.1.4
7f5454ae8000-7f5454ae9000 rw-p 00005000 08:03 2431                       /usr/lib64/libsnappy.so.1.1.4
7f5454c02000-7f5454dc2000 rw-p 00000000 00:00 0 
7f5454dc2000-7f5454e02000 ---p 00000000 00:00 0 
7f5454e02000-7f5454e05000 ---p 00000000 00:00 0 
7f5454e05000-7f5454f03000 rw-p 00000000 00:00 0                          [stack:10682]
7f5454f03000-7f5454f06000 ---p 00000000 00:00 0 
7f5454f06000-7f5455004000 rw-p 00000000 00:00 0                          [stack:10681]
7f5455004000-7f5455007000 ---p 00000000 00:00 0 
7f5455007000-7f5455105000 rw-p 00000000 00:00 0                          [stack:10680]
7f5455105000-7f5455108000 ---p 00000000 00:00 0 
7f5455108000-7f5455206000 rw-p 00000000 00:00 0                          [stack:10679]
7f5455206000-7f5455209000 ---p 00000000 00:00 0 
7f5455209000-7f5455307000 rw-p 00000000 00:00 0                          [stack:10669]
7f5455307000-7f545530a000 ---p 00000000 00:00 0 
7f545530a000-7f5455408000 rw-p 00000000 00:00 0                          [stack:10668]
7f5455408000-7f545540b000 ---p 00000000 00:00 0 
7f545540b000-7f5455509000 rw-p 00000000 00:00 0                          [stack:10667]
7f5455509000-7f545550c000 ---p 00000000 00:00 0 
7f545550c000-7f545580a000 rw-p 00000000 00:00 0                          [stack:10666]
7f545580a000-7f545580d000 ---p 00000000 00:00 0 
7f545580d000-7f545590b000 rw-p 00000000 00:00 0                          [stack:10665]
7f545590b000-7f545591d000 r-xp 00000000 08:03 34536659                   /usr/lib/jvm/java-1.8.0-openjdk-1.8.0.161-0.b14.el7_4.x86_64/jre/lib/amd64/libnio.so
7f545591d000-7f5455b1c000 ---p 00012000 08:03 34536659                   /usr/lib/jvm/java-1.8.0-openjdk-1.8.0.161-0.b14.el7_4.x86_64/jre/lib/amd64/libnio.so
7f5455b1c000-7f5455b1d000 r--p 00011000 08:03 34536659                   /usr/lib/jvm/java-1.8.0-openjdk-1.8.0.161-0.b14.el7_4.x86_64/jre/lib/amd64/libnio.so
7f5455b1d000-7f5455b1e000 rw-p 00012000 08:03 34536659                   /usr/lib/jvm/java-1.8.0-openjdk-1.8.0.161-0.b14.el7_4.x86_64/jre/lib/amd64/libnio.so
7f5455b1e000-7f5455b39000 r--s 001d6000 08:03 108010                     /usr/lib/jvm/java-1.8.0-openjdk-1.8.0.161-0.b14.el7_4.x86_64/jre/lib/ext/nashorn.jar
7f5455b39000-7f5455b48000 r-xp 00000000 08:03 1432                       /usr/lib64/libbz2.so.1.0.6
7f5455b48000-7f5455d47000 ---p 0000f000 08:03 1432                       /usr/lib64/libbz2.so.1.0.6
7f5455d47000-7f5455d48000 r--p 0000e000 08:03 1432                       /usr/lib64/libbz2.so.1.0.6
7f5455d48000-7f5455d49000 rw-p 0000f000 08:03 1432                       /usr/lib64/libbz2.so.1.0.6
7f5455d49000-7f5455d6e000 r-xp 00000000 08:03 1300                       /usr/lib64/liblzma.so.5.2.2
7f5455d6e000-7f5455f6d000 ---p 00025000 08:03 1300                       /usr/lib64/liblzma.so.5.2.2
7f5455f6d000-7f5455f6e000 r--p 00024000 08:03 1300                       /usr/lib64/liblzma.so.5.2.2
7f5455f6e000-7f5455f6f000 rw-p 00025000 08:03 1300                       /usr/lib64/liblzma.so.5.2.2
7f5455f6f000-7f5455f86000 r-xp 00000000 08:03 33185                      /usr/lib64/libelf-0.168.so
7f5455f86000-7f5456185000 ---p 00017000 08:03 33185                      /usr/lib64/libelf-0.168.so
7f5456185000-7f5456186000 r--p 00016000 08:03 33185                      /usr/lib64/libelf-0.168.so
7f5456186000-7f5456187000 rw-p 00017000 08:03 33185                      /usr/lib64/libelf-0.168.so
7f5456187000-7f545618b000 r-xp 00000000 08:03 1555                       /usr/lib64/libattr.so.1.1.0
7f545618b000-7f545638a000 ---p 00004000 08:03 1555                       /usr/lib64/libattr.so.1.1.0
7f545638a000-7f545638b000 r--p 00003000 08:03 1555                       /usr/lib64/libattr.so.1.1.0
7f545638b000-7f545638c000 rw-p 00004000 08:03 1555                       /usr/lib64/libattr.so.1.1.0
7f545638c000-7f54563d0000 r-xp 00000000 08:03 1609                       /usr/lib64/libdw-0.168.so
7f54563d0000-7f54565d0000 ---p 00044000 08:03 1609                       /usr/lib64/libdw-0.168.so
7f54565d0000-7f54565d2000 r--p 00044000 08:03 1609                       /usr/lib64/libdw-0.168.so
7f54565d2000-7f54565d3000 rw-p 00046000 08:03 1609                       /usr/lib64/libdw-0.168.so
7f54565d3000-7f54565d7000 r-xp 00000000 08:03 32732                      /usr/lib64/libcap.so.2.22
7f54565d7000-7f54567d6000 ---p 00004000 08:03 32732                      /usr/lib64/libcap.so.2.22
7f54567d6000-7f54567d7000 r--p 00003000 08:03 32732                      /usr/lib64/libcap.so.2.22
7f54567d7000-7f54567d8000 rw-p 00004000 08:03 32732                      /usr/lib64/libcap.so.2.22
7f54567d8000-7f54567e5000 r-xp 00000000 08:03 41751                      /usr/lib64/libnss_myhostname.so.2
7f54567e5000-7f54567e8000 r--p 0000c000 08:03 41751                      /usr/lib64/libnss_myhostname.so.2
7f54567e8000-7f54567e9000 rw-p 0000f000 08:03 41751                      /usr/lib64/libnss_myhostname.so.2
7f54567e9000-7f54567ff000 r-xp 00000000 08:03 32117                      /usr/lib64/libresolv-2.17.so
7f54567ff000-7f54569ff000 ---p 00016000 08:03 32117                      /usr/lib64/libresolv-2.17.so
7f54569ff000-7f5456a00000 r--p 00016000 08:03 32117                      /usr/lib64/libresolv-2.17.so
7f5456a00000-7f5456a01000 rw-p 00017000 08:03 32117                      /usr/lib64/libresolv-2.17.so
7f5456a01000-7f5456a03000 rw-p 00000000 00:00 0 
7f5456a03000-7f5456a08000 r-xp 00000000 08:03 32105                      /usr/lib64/libnss_dns-2.17.so
7f5456a08000-7f5456c07000 ---p 00005000 08:03 32105                      /usr/lib64/libnss_dns-2.17.so
7f5456c07000-7f5456c08000 r--p 00004000 08:03 32105                      /usr/lib64/libnss_dns-2.17.so
7f5456c08000-7f5456c09000 rw-p 00005000 08:03 32105                      /usr/lib64/libnss_dns-2.17.so
7f5456c1a000-7f5456c1d000 rw-p 00000000 00:00 0 
7f5456c1d000-7f5456c22000 r--s 000b6000 08:03 17795902                   /usr/lib/jvm/java-1.8.0-openjdk-1.8.0.161-0.b14.el7_4.x86_64/jre/lib/jsse.jar
7f5456c22000-7f5456e22000 rw-p 00000000 00:00 0 
7f5456e22000-7f5456e2b000 r-xp 00000000 08:03 34536656                   /usr/lib/jvm/java-1.8.0-openjdk-1.8.0.161-0.b14.el7_4.x86_64/jre/lib/amd64/libmanagement.so
7f5456e2b000-7f545702a000 ---p 00009000 08:03 34536656                   /usr/lib/jvm/java-1.8.0-openjdk-1.8.0.161-0.b14.el7_4.x86_64/jre/lib/amd64/libmanagement.so
7f545702a000-7f545702b000 r--p 00008000 08:03 34536656                   /usr/lib/jvm/java-1.8.0-openjdk-1.8.0.161-0.b14.el7_4.x86_64/jre/lib/amd64/libmanagement.so
7f545702b000-7f545702c000 rw-p 00009000 08:03 34536656                   /usr/lib/jvm/java-1.8.0-openjdk-1.8.0.161-0.b14.el7_4.x86_64/jre/lib/amd64/libmanagement.so
7f545702c000-7f5457043000 r-xp 00000000 08:03 34536658                   /usr/lib/jvm/java-1.8.0-openjdk-1.8.0.161-0.b14.el7_4.x86_64/jre/lib/amd64/libnet.so
7f5457043000-7f5457242000 ---p 00017000 08:03 34536658                   /usr/lib/jvm/java-1.8.0-openjdk-1.8.0.161-0.b14.el7_4.x86_64/jre/lib/amd64/libnet.so
7f5457242000-7f5457243000 r--p 00016000 08:03 34536658                   /usr/lib/jvm/java-1.8.0-openjdk-1.8.0.161-0.b14.el7_4.x86_64/jre/lib/amd64/libnet.so
7f5457243000-7f5457244000 rw-p 00017000 08:03 34536658                   /usr/lib/jvm/java-1.8.0-openjdk-1.8.0.161-0.b14.el7_4.x86_64/jre/lib/amd64/libnet.so
7f5457244000-7f5457245000 ---p 00000000 00:00 0 
7f5457245000-7f5457345000 rw-p 00000000 00:00 0                          [stack:10657]
7f5457345000-7f5457348000 ---p 00000000 00:00 0 
7f5457348000-7f5457446000 rw-p 00000000 00:00 0                          [stack:10656]
7f5457446000-7f5457449000 ---p 00000000 00:00 0 
7f5457449000-7f5457547000 rw-p 00000000 00:00 0                          [stack:10655]
7f5457547000-7f545754a000 ---p 00000000 00:00 0 
7f545754a000-7f5457648000 rw-p 00000000 00:00 0                          [stack:10654]
7f5457648000-7f545764b000 ---p 00000000 00:00 0 
7f545764b000-7f5457749000 rw-p 00000000 00:00 0                          [stack:10653]
7f5457749000-7f5457750000 r--s 0005e000 08:03 51814945                   /home/centin/Program/idea/lib/asm-all.jar
7f5457750000-7f5457752000 r--s 00003000 08:03 34313855                   /home/centin/Program/idea/lib/rt/debugger-agent.jar
7f5457752000-7f5457754000 r--s 0000a000 08:03 51815133                   /home/centin/Program/idea/plugins/Groovy/lib/agent/gragent.jar
7f5457754000-7f5457756000 r--s 00005000 08:03 19008377                   /home/centin/.gradle/caches/modules-2/files-2.1/regexp/regexp/1.3/973df2b78b67bcd3144c3dbbb88da691065a3f8d/regexp-1.3.jar
7f5457756000-7f545775b000 r--s 00039000 08:03 19008376                   /home/centin/.gradle/caches/modules-2/files-2.1/org.codehaus.plexus/plexus-utils/1.5.6/8fb6b798a4036048b3005e058553bf21a87802ed/plexus-utils-1.5.6.jar
7f545775b000-7f5457773000 r--s 00110000 08:03 17574712                   /home/centin/.gradle/caches/modules-2/files-2.1/io.netty/netty/3.7.0.Final/7a8c35599c68c0bf383df74469aa3e03d9aca87/netty-3.7.0.Final.jar
7f5457773000-7f5457775000 r--s 00014000 08:03 17574710                   /home/centin/.gradle/caches/modules-2/files-2.1/jline/jline/0.9.94/99a18e9a44834afdebc467294e1138364c207402/jline-0.9.94.jar
7f5457775000-7f545777e000 r--s 0006d000 08:03 17574709                   /home/centin/.gradle/caches/modules-2/files-2.1/log4j/log4j/1.2.16/7999a63bfccbc7c247a9aea10d83d4272bd492c6/log4j-1.2.16.jar
7f545777e000-7f5457782000 r--s 00035000 08:03 17767506                   /home/centin/.gradle/caches/modules-2/files-2.1/org.codehaus.jackson/jackson-core-asl/1.9.13/3c304d70f42f832e0a86d45bd437f692129299a4/jackson-core-asl-1.9.13.jar
7f5457782000-7f5457786000 r--s 00014000 08:03 19008374                   /home/centin/.gradle/caches/modules-2/files-2.1/org.apache.maven.scm/maven-scm-api/1.4/e294693ce217bd6f470b728127854e6ca787fd29/maven-scm-api-1.4.jar
7f5457786000-7f5457788000 r--s 00008000 08:03 19008373                   /home/centin/.gradle/caches/modules-2/files-2.1/org.apache.maven.scm/maven-scm-provider-svn-commons/1.4/54bc1dc24c5d205b4d251a83f4ea63808c21a628/maven-scm-provider-svn-commons-1.4.jar
7f5457788000-7f545778b000 r--s 0000f000 08:03 19008372                   /home/centin/.gradle/caches/modules-2/files-2.1/org.apache.maven.scm/maven-scm-provider-svnexe/1.4/b3213b40157b701ba079b738baac391e41418c18/maven-scm-provider-svnexe-1.4.jar
7f545778b000-7f5457795000 r--s 000a5000 08:03 18874387                   /home/centin/.gradle/caches/modules-2/files-2.1/org.javassist/javassist/3.18.1-GA/d9a09f7732226af26bf99f19e2cffe0ae219db5b/javassist-3.18.1-GA.jar
7f5457795000-7f5457797000 r--s 00009000 08:03 19062114                   /home/centin/.gradle/caches/modules-2/files-2.1/org.hamcrest/hamcrest-core/1.3/42a25dc3219429f0e5d060061f71acb49bf010a0/hamcrest-core-1.3.jar
7f5457797000-7f54577c2000 r--s 001f5000 08:03 17574708                   /home/centin/.gradle/caches/modules-2/files-2.1/com.google.guava/guava/16.0.1/5fa98cd1a63c99a44dd8d3b77e4762b066a5d0c5/guava-16.0.1.jar
7f54577c2000-7f54577d0000 r--s 000b1000 08:03 17767505                   /home/centin/.gradle/caches/modules-2/files-2.1/org.codehaus.jackson/jackson-mapper-asl/1.9.13/1ee2f2bed0e5dd29d1cb155a166e6f8d50bbddb7/jackson-mapper-asl-1.9.13.jar
7f54577d0000-7f54577d2000 r--s 0000a000 08:03 19008369                   /home/centin/.gradle/caches/modules-2/files-2.1/org.ow2.asm/asm/4.0/659add6efc75a4715d738e73f07505246edf4d66/asm-4.0.jar
7f54577d2000-7f54577f0000 r--s 0027d000 08:03 19008368                   /home/centin/.gradle/caches/modules-2/files-2.1/xalan/xalan/2.7.0/a33c0097f1c70b20fa7ded220ea317eb3500515e/xalan-2.7.0.jar
7f54577f0000-7f5457807000 r--s 00110000 08:03 19008367                   /home/centin/.gradle/caches/modules-2/files-2.1/xerces/xercesImpl/2.8.0/cfd3ebe2f8034e660344f9108c3e2daf78c29cc3/xercesImpl-2.8.0.jar
7f5457807000-7f545780d000 r--s 0005e000 08:03 19008366                   /home/centin/.gradle/caches/modules-2/files-2.1/jboss/javassist/3.0/2877f3a26c120798eca43a385793205e16279066/javassist-3.0.jar
7f545780d000-7f5457816000 r--s 0005d000 08:03 19008363                   /home/centin/.gradle/caches/modules-2/files-2.1/org.apache.commons/commons-vfs2/2.0/b5af3b9c96b060d77c68fa5ac9384b402dd58013/commons-vfs2-2.0.jar
7f5457816000-7f545781e000 r--s 00048000 08:03 19008362                   /home/centin/.gradle/caches/modules-2/files-2.1/org.apache.httpcomponents/httpcore/4.4.6/e3fd8ced1f52c7574af952e2e6da0df8df08eb82/httpcore-4.4.6.jar
7f545781e000-7f545782a000 r--s 000b9000 08:03 17574707                   /home/centin/.gradle/caches/modules-2/files-2.1/org.apache.zookeeper/zookeeper/3.4.8/933ea2ed15e6a0e24b788973e3d128ff163c3136/zookeeper-3.4.8.jar
7f545782a000-7f5457862000 r--s 00218000 08:03 18874386                   /home/centin/.gradle/caches/modules-2/files-2.1/org.apache.curator/curator-test/2.12.0/a797be57ba95b67688a7615f7ad41ee6b3ceff0/curator-test-2.12.0.jar
7f5457862000-7f54578b7000 r--s 00367000 08:03 19664610                   /home/centin/.gradle/caches/modules-2/files-2.1/org.assertj/assertj-core/3.9.1/c5ce126b15f28d56cd8f960c1a6a058b9c9aea87/assertj-core-3.9.1.jar
7f54578b7000-7f54578bf000 r--s 00045000 08:03 19062113                   /home/centin/.gradle/caches/modules-2/files-2.1/junit/junit/4.12/2973d150c0dc1fefe998f834810d68f278ea58ec/junit-4.12.jar
7f54578bf000-7f54578f6000 r--s 00219000 08:03 17574705                   /home/centin/.gradle/caches/modules-2/files-2.1/org.apache.curator/curator-client/2.12.0/450fb6ec9fbd7f5e2c099be80e0473e4f06d994e/curator-client-2.12.0.jar
7f54578f6000-7f54578f9000 ---p 00000000 00:00 0 
7f54578f9000-7f54579f7000 rw-p 00000000 00:00 0                          [stack:10651]
7f54579f7000-7f54579fa000 ---p 00000000 00:00 0 
7f54579fa000-7f5457af8000 rw-p 00000000 00:00 0                          [stack:10649]
7f5457af8000-7f5457afb000 ---p 00000000 00:00 0 
7f5457afb000-7f5457bf9000 rw-p 00000000 00:00 0                          [stack:10646]
7f5457bf9000-7f5457bfd000 r-xp 00000000 08:03 34536594                   /usr/lib/jvm/java-1.8.0-openjdk-1.8.0.161-0.b14.el7_4.x86_64/jre/lib/amd64/libdt_socket.so
7f5457bfd000-7f5457dfc000 ---p 00004000 08:03 34536594                   /usr/lib/jvm/java-1.8.0-openjdk-1.8.0.161-0.b14.el7_4.x86_64/jre/lib/amd64/libdt_socket.so
7f5457dfc000-7f5457dfd000 r--p 00003000 08:03 34536594                   /usr/lib/jvm/java-1.8.0-openjdk-1.8.0.161-0.b14.el7_4.x86_64/jre/lib/amd64/libdt_socket.so
7f5457dfd000-7f5457dfe000 rw-p 00004000 08:03 34536594                   /usr/lib/jvm/java-1.8.0-openjdk-1.8.0.161-0.b14.el7_4.x86_64/jre/lib/amd64/libdt_socket.so
7f5457dfe000-7f5457e01000 ---p 00000000 00:00 0 
7f5457e01000-7f5457eff000 rw-p 00000000 00:00 0                          [stack:10645]
7f5457eff000-7f5457f02000 ---p 00000000 00:00 0 
7f5457f02000-7f5458000000 rw-p 00000000 00:00 0                          [stack:10638]
7f5458000000-7f5458021000 rw-p 00000000 00:00 0 
7f5458021000-7f545c000000 ---p 00000000 00:00 0 
7f545c000000-7f545c002000 r--s 0000e000 08:03 19008364                   /home/centin/.gradle/caches/modules-2/files-2.1/commons-logging/commons-logging/1.2/4bfc12adfe4842bf07b657f0369c4cb522955686/commons-logging-1.2.jar
7f545c002000-7f545c004000 r--s 00009000 08:03 19008361                   /home/centin/.gradle/caches/modules-2/files-2.1/org.slf4j/slf4j-api/1.7.25/da76ca59f6a57ee3102f8f9bd9cee742973efa8a/slf4j-api-1.7.25.jar
7f545c004000-7f545c00a000 r--s 0002c000 08:03 17574704                   /home/centin/.gradle/caches/modules-2/files-2.1/org.apache.curator/curator-framework/2.12.0/fd8ffa050e7c7606dfe7dfb82d2944d8e5f1d0a3/curator-framework-2.12.0.jar
7f545c00a000-7f545c012000 r--s 0003e000 08:03 17574703                   /home/centin/.gradle/caches/modules-2/files-2.1/org.apache.curator/curator-recipes/2.12.0/6903f92106c900a6bdf814067d257eaf0c4007c4/curator-recipes-2.12.0.jar
7f545c012000-7f545c014000 r--s 0000d000 08:03 17574701                   /home/centin/.gradle/caches/modules-2/files-2.1/org.apache.curator/curator-x-discovery/2.12.0/b5f7448eafb54191395321de84c65c1eae0bdcac/curator-x-discovery-2.12.0.jar
7f545c014000-7f545c030000 r--s 0018b000 08:03 19664638                   /home/centin/.gradle/caches/modules-2/files-2.1/io.netty/netty-all/4.0.21.Final/bfe7b70b68b772b9dd263cf110adbf25131d7f7c/netty-all-4.0.21.Final.jar
7f545c030000-7f545c035000 r--s 00cec000 08:03 19395144                   /home/centin/.gradle/caches/modules-2/files-2.1/org.rocksdb/rocksdbjni/5.11.3/a177b51aa2797794757fcaf4178044dbfe1b5834/rocksdbjni-5.11.3.jar
7f545c035000-7f545c03c000 r--s 0003a000 08:03 19008357                   /home/centin/.gradle/caches/modules-2/files-2.1/commons-codec/commons-codec/1.9/9ce04e34240f674bc72680f8b843b1457383161a/commons-codec-1.9.jar
7f545c03c000-7f545c043000 r--s 0003f000 08:03 19008358                   /home/centin/.gradle/caches/modules-2/files-2.1/cglib/cglib/3.0/a8149c14534eefa763a16534507dcbaec6eb0cf8/cglib-3.0.jar
7f545c043000-7f545c05b000 r--s 00212000 08:03 19008356                   /home/centin/.gradle/caches/modules-2/files-2.1/com.itextpdf/itextpdf/5.5.6/19448fdba5df68602aed364b86fd14d89c07a66e/itextpdf-5.5.6.jar
7f545c05b000-7f545c062000 r--s 00045000 08:03 19008354                   /home/centin/.gradle/caches/modules-2/files-2.1/xom/xom/1.2.5/4166493b9f04e91b858ba4150b28b4d197f8f8ea/xom-1.2.5.jar
7f545c062000-7f545c067000 r--s 00034000 08:03 19008355                   /home/centin/.gradle/caches/modules-2/files-2.1/com.google.code.gson/gson/2.8.2/3edcfe49d2c6053a70a2a47e4e1c2f94998a49cf/gson-2.8.2.jar
7f545c067000-7f545c077000 r--s 0009c000 08:03 19008352                   /home/centin/.gradle/caches/modules-2/files-2.1/org.apache.httpcomponents.core5/httpcore5/5.0-beta1/f0a5477f1e06fcc14d06d3e444f3f4b4cf6ab693/httpcore5-5.0-beta1.jar
7f545c077000-7f545c07a000 ---p 00000000 00:00 0 
7f545c07a000-7f545c178000 rw-p 00000000 00:00 0                          [stack:10637]
7f545c178000-7f545c179000 ---p 00000000 00:00 0 
7f545c179000-7f5462ad7000 rw-p 00000000 00:00 0                          [stack:10636]
7f5462ad7000-7f5462e77000 rwxp 00000000 00:00 0 
7f5462e77000-7f5471ad7000 ---p 00000000 00:00 0 
7f5471ad7000-7f5478000000 r--p 00000000 08:03 50333148                   /usr/lib/locale/locale-archive
7f5478000000-7f5478b8c000 rw-p 00000000 00:00 0 
7f5478b8c000-7f547c000000 ---p 00000000 00:00 0 
7f547c000000-7f547c001000 r--s 0000a000 08:03 19008371                   /home/centin/.gradle/caches/modules-2/files-2.1/commons-logging/commons-logging-api/1.1/7d4cf5231d46c8524f9b9ed75bb2d1c69ab93322/commons-logging-api-1.1.jar
7f547c001000-7f547c004000 r--s 00023000 08:03 19008360                   /home/centin/.gradle/caches/modules-2/files-2.1/com.github.junrar/junrar/0.7/18cc717b85af0b12ba922abf415c2ff4716f8219/junrar-0.7.jar
7f547c004000-7f547c009000 r--s 00030000 08:03 16919113                   /home/centin/.gradle/caches/modules-2/files-2.1/org.apache.httpcomponents.core5/httpcore5-h2/5.0-beta1/95329aff0c81e4de38745da3e713b7bc90e9a956/httpcore5-h2-5.0-beta1.jar
7f547c009000-7f547c158000 rw-p 00000000 00:00 0 
7f547c158000-7f547c327000 r--s 04409000 08:03 17795911                   /usr/lib/jvm/java-1.8.0-openjdk-1.8.0.161-0.b14.el7_4.x86_64/jre/lib/rt.jar
7f547c327000-7f547d142000 rw-p 00000000 00:00 0 
7f547d142000-7f547d143000 ---p 00000000 00:00 0 
7f547d143000-7f547d243000 rw-p 00000000 00:00 0                          [stack:10633]
7f547d243000-7f547d244000 ---p 00000000 00:00 0 
7f547d244000-7f547d344000 rw-p 00000000 00:00 0                          [stack:10632]
7f547d344000-7f547d345000 ---p 00000000 00:00 0 
7f547d345000-7f547d445000 rw-p 00000000 00:00 0                          [stack:10631]
7f547d445000-7f547d446000 ---p 00000000 00:00 0 
7f547d446000-7f547d583000 rw-p 00000000 00:00 0                          [stack:10630]
7f547d583000-7f547d90a000 ---p 00000000 00:00 0 
7f547d90a000-7f547d947000 rw-p 00000000 00:00 0 
7f547d947000-7f547dccd000 ---p 00000000 00:00 0 
7f547dccd000-7f547dcec000 rw-p 00000000 00:00 0 
7f547dcec000-7f547deaf000 ---p 00000000 00:00 0 
7f547deaf000-7f547debf000 rw-p 00000000 00:00 0 
7f547debf000-7f547e270000 ---p 00000000 00:00 0 
7f547e270000-7f547e278000 r-xp 00000000 08:03 34536666                   /usr/lib/jvm/java-1.8.0-openjdk-1.8.0.161-0.b14.el7_4.x86_64/jre/lib/amd64/libzip.so
7f547e278000-7f547e477000 ---p 00008000 08:03 34536666                   /usr/lib/jvm/java-1.8.0-openjdk-1.8.0.161-0.b14.el7_4.x86_64/jre/lib/amd64/libzip.so
7f547e477000-7f547e478000 r--p 00007000 08:03 34536666                   /usr/lib/jvm/java-1.8.0-openjdk-1.8.0.161-0.b14.el7_4.x86_64/jre/lib/amd64/libzip.so
7f547e478000-7f547e479000 rw-p 00008000 08:03 34536666                   /usr/lib/jvm/java-1.8.0-openjdk-1.8.0.161-0.b14.el7_4.x86_64/jre/lib/amd64/libzip.so
7f547e479000-7f547e485000 r-xp 00000000 08:03 32107                      /usr/lib64/libnss_files-2.17.so
7f547e485000-7f547e684000 ---p 0000c000 08:03 32107                      /usr/lib64/libnss_files-2.17.so
7f547e684000-7f547e685000 r--p 0000b000 08:03 32107                      /usr/lib64/libnss_files-2.17.so
7f547e685000-7f547e686000 rw-p 0000c000 08:03 32107                      /usr/lib64/libnss_files-2.17.so
7f547e686000-7f547e68c000 rw-p 00000000 00:00 0 
7f547e68c000-7f547e696000 r-xp 00000000 08:03 34536597                   /usr/lib/jvm/java-1.8.0-openjdk-1.8.0.161-0.b14.el7_4.x86_64/jre/lib/amd64/libinstrument.so
7f547e696000-7f547e895000 ---p 0000a000 08:03 34536597                   /usr/lib/jvm/java-1.8.0-openjdk-1.8.0.161-0.b14.el7_4.x86_64/jre/lib/amd64/libinstrument.so
7f547e895000-7f547e896000 r--p 00009000 08:03 34536597                   /usr/lib/jvm/java-1.8.0-openjdk-1.8.0.161-0.b14.el7_4.x86_64/jre/lib/amd64/libinstrument.so
7f547e896000-7f547e897000 rw-p 0000a000 08:03 34536597                   /usr/lib/jvm/java-1.8.0-openjdk-1.8.0.161-0.b14.el7_4.x86_64/jre/lib/amd64/libinstrument.so
7f547e897000-7f547e899000 r-xp 00000000 08:03 34536660                   /usr/lib/jvm/java-1.8.0-openjdk-1.8.0.161-0.b14.el7_4.x86_64/jre/lib/amd64/libnpt.so
7f547e899000-7f547ea99000 ---p 00002000 08:03 34536660                   /usr/lib/jvm/java-1.8.0-openjdk-1.8.0.161-0.b14.el7_4.x86_64/jre/lib/amd64/libnpt.so
7f547ea99000-7f547ea9a000 r--p 00002000 08:03 34536660                   /usr/lib/jvm/java-1.8.0-openjdk-1.8.0.161-0.b14.el7_4.x86_64/jre/lib/amd64/libnpt.so
7f547ea9a000-7f547ea9b000 rw-p 00003000 08:03 34536660                   /usr/lib/jvm/java-1.8.0-openjdk-1.8.0.161-0.b14.el7_4.x86_64/jre/lib/amd64/libnpt.so
7f547ea9b000-7f547ead6000 r-xp 00000000 08:03 34536651                   /usr/lib/jvm/java-1.8.0-openjdk-1.8.0.161-0.b14.el7_4.x86_64/jre/lib/amd64/libjdwp.so
7f547ead6000-7f547ecd6000 ---p 0003b000 08:03 34536651                   /usr/lib/jvm/java-1.8.0-openjdk-1.8.0.161-0.b14.el7_4.x86_64/jre/lib/amd64/libjdwp.so
7f547ecd6000-7f547ecd7000 r--p 0003b000 08:03 34536651                   /usr/lib/jvm/java-1.8.0-openjdk-1.8.0.161-0.b14.el7_4.x86_64/jre/lib/amd64/libjdwp.so
7f547ecd7000-7f547ecd8000 rw-p 0003c000 08:03 34536651                   /usr/lib/jvm/java-1.8.0-openjdk-1.8.0.161-0.b14.el7_4.x86_64/jre/lib/amd64/libjdwp.so
7f547ecd8000-7f547ed06000 r-xp 00000000 08:03 34536602                   /usr/lib/jvm/java-1.8.0-openjdk-1.8.0.161-0.b14.el7_4.x86_64/jre/lib/amd64/libjava.so
7f547ed06000-7f547ef05000 ---p 0002e000 08:03 34536602                   /usr/lib/jvm/java-1.8.0-openjdk-1.8.0.161-0.b14.el7_4.x86_64/jre/lib/amd64/libjava.so
7f547ef05000-7f547ef06000 r--p 0002d000 08:03 34536602                   /usr/lib/jvm/java-1.8.0-openjdk-1.8.0.161-0.b14.el7_4.x86_64/jre/lib/amd64/libjava.so
7f547ef06000-7f547ef08000 rw-p 0002e000 08:03 34536602                   /usr/lib/jvm/java-1.8.0-openjdk-1.8.0.161-0.b14.el7_4.x86_64/jre/lib/amd64/libjava.so
7f547ef08000-7f547ef15000 r-xp 00000000 08:03 34536665                   /usr/lib/jvm/java-1.8.0-openjdk-1.8.0.161-0.b14.el7_4.x86_64/jre/lib/amd64/libverify.so
7f547ef15000-7f547f114000 ---p 0000d000 08:03 34536665                   /usr/lib/jvm/java-1.8.0-openjdk-1.8.0.161-0.b14.el7_4.x86_64/jre/lib/amd64/libverify.so
7f547f114000-7f547f116000 r--p 0000c000 08:03 34536665                   /usr/lib/jvm/java-1.8.0-openjdk-1.8.0.161-0.b14.el7_4.x86_64/jre/lib/amd64/libverify.so
7f547f116000-7f547f117000 rw-p 0000e000 08:03 34536665                   /usr/lib/jvm/java-1.8.0-openjdk-1.8.0.161-0.b14.el7_4.x86_64/jre/lib/amd64/libverify.so
7f547f117000-7f547f11e000 r-xp 00000000 08:03 32119                      /usr/lib64/librt-2.17.so
7f547f11e000-7f547f31d000 ---p 00007000 08:03 32119                      /usr/lib64/librt-2.17.so
7f547f31d000-7f547f31e000 r--p 00006000 08:03 32119                      /usr/lib64/librt-2.17.so
7f547f31e000-7f547f31f000 rw-p 00007000 08:03 32119                      /usr/lib64/librt-2.17.so
7f547f31f000-7f547f334000 r-xp 00000000 08:03 333945                     /usr/lib64/libgcc_s-4.8.5-20150702.so.1
7f547f334000-7f547f533000 ---p 00015000 08:03 333945                     /usr/lib64/libgcc_s-4.8.5-20150702.so.1
7f547f533000-7f547f534000 r--p 00014000 08:03 333945                     /usr/lib64/libgcc_s-4.8.5-20150702.so.1
7f547f534000-7f547f535000 rw-p 00015000 08:03 333945                     /usr/lib64/libgcc_s-4.8.5-20150702.so.1
7f547f535000-7f547f636000 r-xp 00000000 08:03 32097                      /usr/lib64/libm-2.17.so
7f547f636000-7f547f835000 ---p 00101000 08:03 32097                      /usr/lib64/libm-2.17.so
7f547f835000-7f547f836000 r--p 00100000 08:03 32097                      /usr/lib64/libm-2.17.so
7f547f836000-7f547f837000 rw-p 00101000 08:03 32097                      /usr/lib64/libm-2.17.so
7f547f837000-7f547f920000 r-xp 00000000 08:03 32130                      /usr/lib64/libstdc++.so.6.0.19
7f547f920000-7f547fb20000 ---p 000e9000 08:03 32130                      /usr/lib64/libstdc++.so.6.0.19
7f547fb20000-7f547fb28000 r--p 000e9000 08:03 32130                      /usr/lib64/libstdc++.so.6.0.19
7f547fb28000-7f547fb2a000 rw-p 000f1000 08:03 32130                      /usr/lib64/libstdc++.so.6.0.19
7f547fb2a000-7f547fb3f000 rw-p 00000000 00:00 0 
7f547fb3f000-7f5480805000 r-xp 00000000 08:03 17795891                   /usr/lib/jvm/java-1.8.0-openjdk-1.8.0.161-0.b14.el7_4.x86_64/jre/lib/amd64/server/libjvm.so
7f5480805000-7f5480a04000 ---p 00cc6000 08:03 17795891                   /usr/lib/jvm/java-1.8.0-openjdk-1.8.0.161-0.b14.el7_4.x86_64/jre/lib/amd64/server/libjvm.so
7f5480a04000-7f5480aaf000 r--p 00cc5000 08:03 17795891                   /usr/lib/jvm/java-1.8.0-openjdk-1.8.0.161-0.b14.el7_4.x86_64/jre/lib/amd64/server/libjvm.so
7f5480aaf000-7f5480ad8000 rw-p 00d70000 08:03 17795891                   /usr/lib/jvm/java-1.8.0-openjdk-1.8.0.161-0.b14.el7_4.x86_64/jre/lib/amd64/server/libjvm.so
7f5480ad8000-7f5480b0b000 rw-p 00000000 00:00 0 
7f5480b0b000-7f5480cc3000 r-xp 00000000 08:03 1242                       /usr/lib64/libc-2.17.so
7f5480cc3000-7f5480ec3000 ---p 001b8000 08:03 1242                       /usr/lib64/libc-2.17.so
7f5480ec3000-7f5480ec7000 r--p 001b8000 08:03 1242                       /usr/lib64/libc-2.17.so
7f5480ec7000-7f5480ec9000 rw-p 001bc000 08:03 1242                       /usr/lib64/libc-2.17.so
7f5480ec9000-7f5480ece000 rw-p 00000000 00:00 0 
7f5480ece000-7f5480ed0000 r-xp 00000000 08:03 1248                       /usr/lib64/libdl-2.17.so
7f5480ed0000-7f54810d0000 ---p 00002000 08:03 1248                       /usr/lib64/libdl-2.17.so
7f54810d0000-7f54810d1000 r--p 00002000 08:03 1248                       /usr/lib64/libdl-2.17.so
7f54810d1000-7f54810d2000 rw-p 00003000 08:03 1248                       /usr/lib64/libdl-2.17.so
7f54810d2000-7f54810e0000 r-xp 00000000 08:03 34536694                   /usr/lib/jvm/java-1.8.0-openjdk-1.8.0.161-0.b14.el7_4.x86_64/lib/amd64/jli/libjli.so
7f54810e0000-7f54812df000 ---p 0000e000 08:03 34536694                   /usr/lib/jvm/java-1.8.0-openjdk-1.8.0.161-0.b14.el7_4.x86_64/lib/amd64/jli/libjli.so
7f54812df000-7f54812e0000 r--p 0000d000 08:03 34536694                   /usr/lib/jvm/java-1.8.0-openjdk-1.8.0.161-0.b14.el7_4.x86_64/lib/amd64/jli/libjli.so
7f54812e0000-7f54812e1000 rw-p 0000e000 08:03 34536694                   /usr/lib/jvm/java-1.8.0-openjdk-1.8.0.161-0.b14.el7_4.x86_64/lib/amd64/jli/libjli.so
7f54812e1000-7f54812f6000 r-xp 00000000 08:03 1385                       /usr/lib64/libz.so.1.2.7
7f54812f6000-7f54814f5000 ---p 00015000 08:03 1385                       /usr/lib64/libz.so.1.2.7
7f54814f5000-7f54814f6000 r--p 00014000 08:03 1385                       /usr/lib64/libz.so.1.2.7
7f54814f6000-7f54814f7000 rw-p 00015000 08:03 1385                       /usr/lib64/libz.so.1.2.7
7f54814f7000-7f548150e000 r-xp 00000000 08:03 32115                      /usr/lib64/libpthread-2.17.so
7f548150e000-7f548170d000 ---p 00017000 08:03 32115                      /usr/lib64/libpthread-2.17.so
7f548170d000-7f548170e000 r--p 00016000 08:03 32115                      /usr/lib64/libpthread-2.17.so
7f548170e000-7f548170f000 rw-p 00017000 08:03 32115                      /usr/lib64/libpthread-2.17.so
7f548170f000-7f5481713000 rw-p 00000000 00:00 0 
7f5481713000-7f5481734000 r-xp 00000000 08:03 1229                       /usr/lib64/ld-2.17.so
7f5481734000-7f5481741000 r--s 000aa000 08:03 19008223                   /home/centin/.gradle/caches/modules-2/files-2.1/org.apache.httpcomponents/httpclient/4.5.3/d1577ae15f01ef5438c5afc62162457c00a34713/httpclient-4.5.3.jar
7f5481741000-7f5481746000 r--s 00036000 08:03 19008221                   /home/centin/.gradle/caches/modules-2/files-2.1/org.apache.logging.log4j/log4j-api/2.9.1/7a2999229464e7a324aa503c0a52ec0f05efe7bd/log4j-api-2.9.1.jar
7f5481746000-7f5481765000 r--s 0015c000 08:03 19008220                   /home/centin/.gradle/caches/modules-2/files-2.1/org.apache.logging.log4j/log4j-core/2.9.1/c041978c686866ee8534f538c6220238db3bb6be/log4j-core-2.9.1.jar
7f5481765000-7f5481766000 r--s 00005000 08:03 19008219                   /home/centin/.gradle/caches/modules-2/files-2.1/org.apache.logging.log4j/log4j-slf4j-impl/2.9.1/a97a849b18b3798c4af1a2ca5b10c66cef17e3a/log4j-slf4j-impl-2.9.1.jar
7f5481766000-7f5481779000 r--s 00346000 08:03 17795910                   /usr/lib/jvm/java-1.8.0-openjdk-1.8.0.161-0.b14.el7_4.x86_64/jre/lib/resources.jar
7f5481779000-7f548177e000 r--s 000b6000 08:03 17795902                   /usr/lib/jvm/java-1.8.0-openjdk-1.8.0.161-0.b14.el7_4.x86_64/jre/lib/jsse.jar
7f548177e000-7f5481780000 r--s 00019000 08:03 17795900                   /usr/lib/jvm/java-1.8.0-openjdk-1.8.0.161-0.b14.el7_4.x86_64/jre/lib/jce.jar
7f5481780000-7f5481814000 rw-p 00000000 00:00 0 
7f5481814000-7f5481817000 ---p 00000000 00:00 0 
7f5481817000-7f548191a000 rw-p 00000000 00:00 0                          [stack:10629]
7f548191a000-7f548191b000 r--s 00000000 08:03 17795905                   /usr/lib/jvm/java-1.8.0-openjdk-1.8.0.161-0.b14.el7_4.x86_64/jre/lib/management-agent.jar
7f548191b000-7f5481921000 r--s 00309000 08:03 17795893                   /usr/lib/jvm/java-1.8.0-openjdk-1.8.0.161-0.b14.el7_4.x86_64/jre/lib/charsets.jar
7f5481921000-7f5481922000 r--s 00008000 08:03 18198041                   /home/centin/Program/idea/plugins/junit/lib/junit5-rt.jar
7f5481922000-7f5481925000 r--s 0001f000 08:03 18198040                   /home/centin/Program/idea/plugins/junit/lib/junit-rt.jar
7f5481925000-7f5481927000 r--s 0001a000 08:03 51814991                   /home/centin/Program/idea/lib/idea_rt.jar
7f5481927000-7f5481929000 r--s 00001000 08:03 34313854                   /home/centin/Program/idea/lib/rt/debugger-agent-storage.jar
7f5481929000-7f5481931000 rw-s 00000000 08:03 17706169                   /tmp/hsperfdata_centin/10625
7f5481931000-7f5481932000 rw-p 00000000 00:00 0 
7f5481932000-7f5481933000 r--p 00000000 00:00 0 
7f5481933000-7f5481934000 rw-p 00000000 00:00 0 
7f5481934000-7f5481935000 r--p 00021000 08:03 1229                       /usr/lib64/ld-2.17.so
7f5481935000-7f5481936000 rw-p 00022000 08:03 1229                       /usr/lib64/ld-2.17.so
7f5481936000-7f5481937000 rw-p 00000000 00:00 0 
7ffd354d2000-7ffd354f5000 rw-p 00000000 00:00 0                          [stack]
7ffd3551c000-7ffd3551e000 r-xp 00000000 00:00 0                          [vdso]
ffffffffff600000-ffffffffff601000 r-xp 00000000 00:00 0                  [vsyscall]

VM Arguments:
jvm_args: -agentlib:jdwp=transport=dt_socket,address=127.0.0.1:38435,suspend=y,server=n -ea -Didea.test.cyclic.buffer.size=1048576 -javaagent:/home/centin/Program/idea/plugins/Groovy/lib/agent/gragent.jar -javaagent:/home/centin/Program/idea/lib/rt/debugger-agent.jar=/tmp/capture222.props -Dfile.encoding=UTF-8 
java_command: com.intellij.rt.execution.junit.JUnitStarter -ideVersion5 -junit4 com.service.api.me.curator.CuratorNodeCacheTest,nodeCacheTest
java_class_path (initial): /home/centin/Program/idea/lib/idea_rt.jar:/home/centin/Program/idea/plugins/junit/lib/junit-rt.jar:/home/centin/Program/idea/plugins/junit/lib/junit5-rt.jar:/usr/lib/jvm/java-1.8.0-openjdk-1.8.0.161-0.b14.el7_4.x86_64/jre/lib/charsets.jar:/usr/lib/jvm/java-1.8.0-openjdk-1.8.0.161-0.b14.el7_4.x86_64/jre/lib/ext/cldrdata.jar:/usr/lib/jvm/java-1.8.0-openjdk-1.8.0.161-0.b14.el7_4.x86_64/jre/lib/ext/dnsns.jar:/usr/lib/jvm/java-1.8.0-openjdk-1.8.0.161-0.b14.el7_4.x86_64/jre/lib/ext/jaccess.jar:/usr/lib/jvm/java-1.8.0-openjdk-1.8.0.161-0.b14.el7_4.x86_64/jre/lib/ext/localedata.jar:/usr/lib/jvm/java-1.8.0-openjdk-1.8.0.161-0.b14.el7_4.x86_64/jre/lib/ext/nashorn.jar:/usr/lib/jvm/java-1.8.0-openjdk-1.8.0.161-0.b14.el7_4.x86_64/jre/lib/ext/sunec.jar:/usr/lib/jvm/java-1.8.0-openjdk-1.8.0.161-0.b14.el7_4.x86_64/jre/lib/ext/sunjce_provider.jar:/usr/lib/jvm/java-1.8.0-openjdk-1.8.0.161-0.b14.el7_4.x86_64/jre/lib/ext/sunpkcs11.jar:/usr/lib/jvm/java-1.8.0-openjdk-1.8.0.161-0.b14.el7_4.x86_64/jre/lib/ext/zipfs.jar:/usr/lib/jvm/java-1.8.0-openjdk-1.8.0.161-0.b14.el7_4.x86_64/jre/lib/jce.jar:/usr/lib/jvm/java-1.8.0-openjdk-1.8.0.161-0.b14.el7_4.x86_64/jre/lib/jsse.jar:/usr/lib/jvm/java-1.8.0-openjdk-1.8.0.161-0.b14.el7_4.x86_64/jre/lib/management-agent.jar:/usr/lib/jvm/java-1.8.0-openjdk-1.8.0.161-0.b14.el7_4.x86_64/jre/lib/resources.jar:/usr/lib/jvm/java-1.8.0-openjdk-1.8.0.161-0.b14.el7_4.x86_64/jre/lib/rt.jar:/home/centin/ideaProject/undefined/service-api/out/test/classes:/home/centin/ideaProject/undefined/service-api/out/production/classes:/home/centin/.gradle/caches/modules-2/files-2.1/org.apache.logging.log4j/log4j-slf4j-impl/2.9.1/a97a849b18b3798c4af1a2ca5b10c66cef17e3a/log4j-slf4j-impl-2.9.1.jar:/home/centin/.gradle/caches/modules-2/files-2.1/org.apache.logging.log4j/log4j-core/2.9.1/c041978c686866ee8534f538c6220238db3bb6be/log4j-core-2.9.1.jar:/home/centin/.gradle/caches/modules-2/files-2.1/org.apache.logging.log4j/log4j-api/2.9.1/7a2999229464e7a32
Launcher Type: SUN_STANDARD

Environment Variables:
PATH=/usr/local/bin:/usr/local/sbin:/usr/bin:/usr/sbin:/bin:/sbin:/usr/local/git-2.16/bin:/home/centin/.local/bin:/home/centin/bin
USERNAME=centin
SHELL=/bin/bash
DISPLAY=:0.0

Signal Handlers:
SIGSEGV: [libjvm.so+0xab4fe0], sa_mask[0]=11111111011111111101111111111110, sa_flags=SA_RESTART|SA_SIGINFO
SIGBUS: [libjvm.so+0xab4fe0], sa_mask[0]=11111111011111111101111111111110, sa_flags=SA_RESTART|SA_SIGINFO
SIGFPE: [libjvm.so+0x8ac640], sa_mask[0]=11111111011111111101111111111110, sa_flags=SA_RESTART|SA_SIGINFO
SIGPIPE: [libjvm.so+0x8ac640], sa_mask[0]=11111111011111111101111111111110, sa_flags=SA_RESTART|SA_SIGINFO
SIGXFSZ: [libjvm.so+0x8ac640], sa_mask[0]=11111111011111111101111111111110, sa_flags=SA_RESTART|SA_SIGINFO
SIGILL: [libjvm.so+0x8ac640], sa_mask[0]=11111111011111111101111111111110, sa_flags=SA_RESTART|SA_SIGINFO
SIGUSR1: SIG_DFL, sa_mask[0]=00000000000000000000000000000000, sa_flags=none
SIGUSR2: [libjvm.so+0x8ac4f0], sa_mask[0]=00100000000000000000000000000000, sa_flags=SA_RESTART|SA_SIGINFO
SIGHUP: [libjvm.so+0x8ac700], sa_mask[0]=11111111011111111101111111111110, sa_flags=SA_RESTART|SA_SIGINFO
SIGINT: [libjvm.so+0x8ac700], sa_mask[0]=11111111011111111101111111111110, sa_flags=SA_RESTART|SA_SIGINFO
SIGTERM: [libjvm.so+0x8ac700], sa_mask[0]=11111111011111111101111111111110, sa_flags=SA_RESTART|SA_SIGINFO
SIGQUIT: [libjvm.so+0x8ac700], sa_mask[0]=11111111011111111101111111111110, sa_flags=SA_RESTART|SA_SIGINFO


---------------  S Y S T E M  ---------------

OS:CentOS Linux release 7.3.1611 (Core) 

uname:Linux 3.10.0-514.el7.x86_64 #1 SMP Tue Nov 22 16:42:41 UTC 2016 x86_64
libc:glibc 2.17 NPTL 2.17 
rlimit: STACK 8192k, CORE 0k, NPROC 4096, NOFILE 4096, AS infinity
load average:0.91 0.68 0.57

/proc/meminfo:
MemTotal:       11832076 kB
MemFree:         7698676 kB
MemAvailable:    8799892 kB
Buffers:             932 kB
Cached:          1517872 kB
SwapCached:            0 kB
Active:          2917796 kB
Inactive:         841720 kB
Active(anon):    2241268 kB
Inactive(anon):   230492 kB
Active(file):     676528 kB
Inactive(file):   611228 kB
Unevictable:           0 kB
Mlocked:               0 kB
SwapTotal:       3127292 kB
SwapFree:        3127292 kB
Dirty:             23572 kB
Writeback:             0 kB
AnonPages:       2238660 kB
Mapped:           277092 kB
Shmem:            231368 kB
Slab:             159780 kB
SReclaimable:      98004 kB
SUnreclaim:        61776 kB
KernelStack:        9584 kB
PageTables:        28960 kB
NFS_Unstable:          0 kB
Bounce:                0 kB
WritebackTmp:          0 kB
CommitLimit:     9043328 kB
Committed_AS:    5538936 kB
VmallocTotal:   34359738367 kB
VmallocUsed:      374140 kB
VmallocChunk:   34358947836 kB
HardwareCorrupted:     0 kB
AnonHugePages:   1255424 kB
HugePages_Total:       0
HugePages_Free:        0
HugePages_Rsvd:        0
HugePages_Surp:        0
Hugepagesize:       2048 kB
DirectMap4k:      168128 kB
DirectMap2M:    12103680 kB


CPU:total 4 (initial active 4) (2 cores per cpu, 2 threads per core) family 6 model 58 stepping 9, cmov, cx8, fxsr, mmx, sse, sse2, sse3, ssse3, sse4.1, sse4.2, popcnt, avx, aes, clmul, erms, ht, tsc, tscinvbit, tscinv

/proc/cpuinfo:
processor	: 0
vendor_id	: GenuineIntel
cpu family	: 6
model		: 58
model name	: Intel(R) Core(TM) i5-3320M CPU @ 2.60GHz
stepping	: 9
microcode	: 0x1c
cpu MHz		: 3100.093
cache size	: 3072 KB
physical id	: 0
siblings	: 4
core id		: 0
cpu cores	: 2
apicid		: 0
initial apicid	: 0
fpu		: yes
fpu_exception	: yes
cpuid level	: 13
wp		: yes
flags		: fpu vme de pse tsc msr pae mce cx8 apic sep mtrr pge mca cmov pat pse36 clflush dts acpi mmx fxsr sse sse2 ss ht tm pbe syscall nx rdtscp lm constant_tsc arch_perfmon pebs bts rep_good nopl xtopology nonstop_tsc aperfmperf eagerfpu pni pclmulqdq dtes64 monitor ds_cpl vmx smx est tm2 ssse3 cx16 xtpr pdcm pcid sse4_1 sse4_2 x2apic popcnt tsc_deadline_timer aes xsave avx f16c rdrand lahf_lm ida arat epb pln pts dtherm tpr_shadow vnmi flexpriority ept vpid fsgsbase smep erms xsaveopt
bogomips	: 5187.82
clflush size	: 64
cache_alignment	: 64
address sizes	: 36 bits physical, 48 bits virtual
power management:

processor	: 1
vendor_id	: GenuineIntel
cpu family	: 6
model		: 58
model name	: Intel(R) Core(TM) i5-3320M CPU @ 2.60GHz
stepping	: 9
microcode	: 0x1c
cpu MHz		: 3099.992
cache size	: 3072 KB
physical id	: 0
siblings	: 4
core id		: 0
cpu cores	: 2
apicid		: 1
initial apicid	: 1
fpu		: yes
fpu_exception	: yes
cpuid level	: 13
wp		: yes
flags		: fpu vme de pse tsc msr pae mce cx8 apic sep mtrr pge mca cmov pat pse36 clflush dts acpi mmx fxsr sse sse2 ss ht tm pbe syscall nx rdtscp lm constant_tsc arch_perfmon pebs bts rep_good nopl xtopology nonstop_tsc aperfmperf eagerfpu pni pclmulqdq dtes64 monitor ds_cpl vmx smx est tm2 ssse3 cx16 xtpr pdcm pcid sse4_1 sse4_2 x2apic popcnt tsc_deadline_timer aes xsave avx f16c rdrand lahf_lm ida arat epb pln pts dtherm tpr_shadow vnmi flexpriority ept vpid fsgsbase smep erms xsaveopt
bogomips	: 5187.82
clflush size	: 64
cache_alignment	: 64
address sizes	: 36 bits physical, 48 bits virtual
power management:

processor	: 2
vendor_id	: GenuineIntel
cpu family	: 6
model		: 58
model name	: Intel(R) Core(TM) i5-3320M CPU @ 2.60GHz
stepping	: 9
microcode	: 0x1c
cpu MHz		: 3228.367
cache size	: 3072 KB
physical id	: 0
siblings	: 4
core id		: 1
cpu cores	: 2
apicid		: 2
initial apicid	: 2
fpu		: yes
fpu_exception	: yes
cpuid level	: 13
wp		: yes
flags		: fpu vme de pse tsc msr pae mce cx8 apic sep mtrr pge mca cmov pat pse36 clflush dts acpi mmx fxsr sse sse2 ss ht tm pbe syscall nx rdtscp lm constant_tsc arch_perfmon pebs bts rep_good nopl xtopology nonstop_tsc aperfmperf eagerfpu pni pclmulqdq dtes64 monitor ds_cpl vmx smx est tm2 ssse3 cx16 xtpr pdcm pcid sse4_1 sse4_2 x2apic popcnt tsc_deadline_timer aes xsave avx f16c rdrand lahf_lm ida arat epb pln pts dtherm tpr_shadow vnmi flexpriority ept vpid fsgsbase smep erms xsaveopt
bogomips	: 5187.82
clflush size	: 64
cache_alignment	: 64
address sizes	: 36 bits physical, 48 bits virtual
power management:

processor	: 3
vendor_id	: GenuineIntel
cpu family	: 6
model		: 58
model name	: Intel(R) Core(TM) i5-3320M CPU @ 2.60GHz
stepping	: 9
microcode	: 0x1c
cpu MHz		: 3116.039
cache size	: 3072 KB
physical id	: 0
siblings	: 4
core id		: 1
cpu cores	: 2
apicid		: 3
initial apicid	: 3
fpu		: yes
fpu_exception	: yes
cpuid level	: 13
wp		: yes
flags		: fpu vme de pse tsc msr pae mce cx8 apic sep mtrr pge mca cmov pat pse36 clflush dts acpi mmx fxsr sse sse2 ss ht tm pbe syscall nx rdtscp lm constant_tsc arch_perfmon pebs bts rep_good nopl xtopology nonstop_tsc aperfmperf eagerfpu pni pclmulqdq dtes64 monitor ds_cpl vmx smx est tm2 ssse3 cx16 xtpr pdcm pcid sse4_1 sse4_2 x2apic popcnt tsc_deadline_timer aes xsave avx f16c rdrand lahf_lm ida arat epb pln pts dtherm tpr_shadow vnmi flexpriority ept vpid fsgsbase smep erms xsaveopt
bogomips	: 5187.82
clflush size	: 64
cache_alignment	: 64
address sizes	: 36 bits physical, 48 bits virtual
power management:



Memory: 4k page, physical 11832076k(7698676k free), swap 3127292k(3127292k free)

vm_info: OpenJDK 64-Bit Server VM (25.161-b14) for linux-amd64 JRE (1.8.0_161-b14), built on Jan 17 2018 16:35:30 by "mockbuild" with gcc 4.8.5 20150623 (Red Hat 4.8.5-16)

time: Wed Apr 18 14:25:07 2018
elapsed time: 3 seconds (0d 0h 0m 3s)

